app/build/intermediates/manifest_merge_blame_file/debug/manifest-merger-blame-debug-report.txt
1<?xml version="1.0" encoding="utf-8"?>
2<manifest xmlns:android="http://schemas.android.com/apk/res/android"
3    package="com.example.whatsapptranslate"
4    android:versionCode="1"
5    android:versionName="1.0" >
6
7    <uses-sdk
8        android:minSdkVersion="21"
8-->src\main\AndroidManifest.xml
9        android:targetSdkVersion="33" />
9-->src\main\AndroidManifest.xml
10
11    <!-- Permisos necesarios -->
12    <uses-permission android:name="android.permission.INTERNET" />
12-->src\main\AndroidManifest.xml:48:5-67
12-->src\main\AndroidManifest.xml:48:22-64
13    <uses-permission android:name="android.permission.RECORD_AUDIO" />
13-->src\main\AndroidManifest.xml:49:5-71
13-->src\main\AndroidManifest.xml:49:22-68
14    <uses-permission android:name="android.permission.SYSTEM_ALERT_WINDOW" />
14-->src\main\AndroidManifest.xml:50:5-78
14-->src\main\AndroidManifest.xml:50:22-75
15    <uses-permission android:name="android.permission.CAPTURE_AUDIO_OUTPUT" />
15-->src\main\AndroidManifest.xml:51:5-79
15-->src\main\AndroidManifest.xml:51:22-76
16
17    <permission
17-->[androidx.core:core:1.10.1] AndroidManifest.xml:22:5-24:47
18        android:name="com.example.whatsapptranslate.DYNAMIC_RECEIVER_NOT_EXPORTED_PERMISSION"
18-->[androidx.core:core:1.10.1] AndroidManifest.xml:23:9-81
19        android:protectionLevel="signature" />
19-->[androidx.core:core:1.10.1] AndroidManifest.xml:24:9-44
20
21    <uses-permission android:name="com.example.whatsapptranslate.DYNAMIC_RECEIVER_NOT_EXPORTED_PERMISSION" />
21-->[androidx.core:core:1.10.1] AndroidManifest.xml:26:5-97
21-->[androidx.core:core:1.10.1] AndroidManifest.xml:26:22-94
22
23    <application
23-->src\main\AndroidManifest.xml:3:5-45:19
24        android:allowBackup="true"
24-->src\main\AndroidManifest.xml:4:9-35
25        android:appComponentFactory="androidx.core.app.CoreComponentFactory"
25-->[androidx.core:core:1.10.1] AndroidManifest.xml:28:18-86
26        android:debuggable="true"
27        android:icon="@mipmap/ic_launcher"
27-->src\main\AndroidManifest.xml:5:9-43
28        android:label="@string/app_name"
28-->src\main\AndroidManifest.xml:6:9-41
29        android:supportsRtl="true"
29-->src\main\AndroidManifest.xml:7:9-35
30        android:theme="@style/Theme.WhatsAppTranslate" >
30-->src\main\AndroidManifest.xml:8:9-55
31
32        <!-- Definición de actividades -->
33        <activity
33-->src\main\AndroidManifest.xml:11:9-13:20
34            android:name="com.example.whatsapptranslate.LanguageSelectionActivity"
34-->src\main\AndroidManifest.xml:11:19-60
35            android:label="@string/app_name" >
35-->src\main\AndroidManifest.xml:12:13-45
36        </activity>
37        <activity
37-->src\main\AndroidManifest.xml:15:9-17:20
38            android:name="com.example.whatsapptranslate.PermissionSettingsActivity"
38-->src\main\AndroidManifest.xml:15:19-61
39            android:label="@string/app_name" >
39-->src\main\AndroidManifest.xml:16:13-45
40        </activity>
41        <activity
41-->src\main\AndroidManifest.xml:19:9-21:20
42            android:name="com.example.whatsapptranslate.ActivationActivity"
42-->src\main\AndroidManifest.xml:19:19-53
43            android:label="@string/app_name" >
43-->src\main\AndroidManifest.xml:20:13-45
44        </activity>
45
46        <!-- MainActivity que lanza la aplicación -->
47        <activity
47-->src\main\AndroidManifest.xml:24:9-31:20
48            android:name="com.example.whatsapptranslate.MainActivity"
48-->src\main\AndroidManifest.xml:25:13-41
49            android:exported="true" >
49-->src\main\AndroidManifest.xml:26:13-36
50            <intent-filter>
50-->src\main\AndroidManifest.xml:27:13-30:29
51                <action android:name="android.intent.action.MAIN" />
51-->src\main\AndroidManifest.xml:28:17-69
51-->src\main\AndroidManifest.xml:28:25-66
52
53                <category android:name="android.intent.category.LAUNCHER" />
53-->src\main\AndroidManifest.xml:29:17-77
53-->src\main\AndroidManifest.xml:29:27-74
54            </intent-filter>
55        </activity>
56
57        <!-- Servicios para traducción en segundo plano -->
58        <service
58-->src\main\AndroidManifest.xml:34:9-43:19
59            android:name="com.example.whatsapptranslate.TranslationService"
59-->src\main\AndroidManifest.xml:35:13-47
60            android:exported="false" >
60-->src\main\AndroidManifest.xml:36:13-37
61            <intent-filter>
61-->src\main\AndroidManifest.xml:37:13-39:29
62                <action android:name="android.accessibilityservice.AccessibilityService" />
62-->src\main\AndroidManifest.xml:38:17-92
62-->src\main\AndroidManifest.xml:38:25-89
63            </intent-filter>
64
65            <meta-data
65-->src\main\AndroidManifest.xml:40:13-42:70
66                android:name="android.accessibilityservice"
66-->src\main\AndroidManifest.xml:41:17-60
67                android:resource="@xml/translation_service_config" />
67-->src\main\AndroidManifest.xml:42:17-67
68        </service>
69
70        <provider
70-->[androidx.emoji2:emoji2:1.2.0] AndroidManifest.xml:24:9-32:20
71            android:name="androidx.startup.InitializationProvider"
71-->[androidx.emoji2:emoji2:1.2.0] AndroidManifest.xml:25:13-67
72            android:authorities="com.example.whatsapptranslate.androidx-startup"
72-->[androidx.emoji2:emoji2:1.2.0] AndroidManifest.xml:26:13-68
73            android:exported="false" >
73-->[androidx.emoji2:emoji2:1.2.0] AndroidManifest.xml:27:13-37
74            <meta-data
74-->[androidx.emoji2:emoji2:1.2.0] AndroidManifest.xml:29:13-31:52
75                android:name="androidx.emoji2.text.EmojiCompatInitializer"
75-->[androidx.emoji2:emoji2:1.2.0] AndroidManifest.xml:30:17-75
76                android:value="androidx.startup" />
76-->[androidx.emoji2:emoji2:1.2.0] AndroidManifest.xml:31:17-49
77            <meta-data
77-->[androidx.lifecycle:lifecycle-process:2.6.1] AndroidManifest.xml:29:13-31:52
78                android:name="androidx.lifecycle.ProcessLifecycleInitializer"
78-->[androidx.lifecycle:lifecycle-process:2.6.1] AndroidManifest.xml:30:17-78
79                android:value="androidx.startup" />
79-->[androidx.lifecycle:lifecycle-process:2.6.1] AndroidManifest.xml:31:17-49
80            <meta-data
80-->[androidx.profileinstaller:profileinstaller:1.3.0] AndroidManifest.xml:29:13-31:52
81                android:name="androidx.profileinstaller.ProfileInstallerInitializer"
81-->[androidx.profileinstaller:profileinstaller:1.3.0] AndroidManifest.xml:30:17-85
82                android:value="androidx.startup" />
82-->[androidx.profileinstaller:profileinstaller:1.3.0] AndroidManifest.xml:31:17-49
83        </provider>
84
85        <receiver
85-->[androidx.profileinstaller:profileinstaller:1.3.0] AndroidManifest.xml:34:9-52:20
86            android:name="androidx.profileinstaller.ProfileInstallReceiver"
86-->[androidx.profileinstaller:profileinstaller:1.3.0] AndroidManifest.xml:35:13-76
87            android:directBootAware="false"
87-->[androidx.profileinstaller:profileinstaller:1.3.0] AndroidManifest.xml:36:13-44
88            android:enabled="true"
88-->[androidx.profileinstaller:profileinstaller:1.3.0] AndroidManifest.xml:37:13-35
89            android:exported="true"
89-->[androidx.profileinstaller:profileinstaller:1.3.0] AndroidManifest.xml:38:13-36
90            android:permission="android.permission.DUMP" >
90-->[androidx.profileinstaller:profileinstaller:1.3.0] AndroidManifest.xml:39:13-57
91            <intent-filter>
91-->[androidx.profileinstaller:profileinstaller:1.3.0] AndroidManifest.xml:40:13-42:29
92                <action android:name="androidx.profileinstaller.action.INSTALL_PROFILE" />
92-->[androidx.profileinstaller:profileinstaller:1.3.0] AndroidManifest.xml:41:17-91
92-->[androidx.profileinstaller:profileinstaller:1.3.0] AndroidManifest.xml:41:25-88
93            </intent-filter>
94            <intent-filter>
94-->[androidx.profileinstaller:profileinstaller:1.3.0] AndroidManifest.xml:43:13-45:29
95                <action android:name="androidx.profileinstaller.action.SKIP_FILE" />
95-->[androidx.profileinstaller:profileinstaller:1.3.0] AndroidManifest.xml:44:17-85
95-->[androidx.profileinstaller:profileinstaller:1.3.0] AndroidManifest.xml:44:25-82
96            </intent-filter>
97            <intent-filter>
97-->[androidx.profileinstaller:profileinstaller:1.3.0] AndroidManifest.xml:46:13-48:29
98                <action android:name="androidx.profileinstaller.action.SAVE_PROFILE" />
98-->[androidx.profileinstaller:profileinstaller:1.3.0] AndroidManifest.xml:47:17-88
98-->[androidx.profileinstaller:profileinstaller:1.3.0] AndroidManifest.xml:47:25-85
99            </intent-filter>
100            <intent-filter>
100-->[androidx.profileinstaller:profileinstaller:1.3.0] AndroidManifest.xml:49:13-51:29
101                <action android:name="androidx.profileinstaller.action.BENCHMARK_OPERATION" />
101-->[androidx.profileinstaller:profileinstaller:1.3.0] AndroidManifest.xml:50:17-95
101-->[androidx.profileinstaller:profileinstaller:1.3.0] AndroidManifest.xml:50:25-92
102            </intent-filter>
103        </receiver>
104    </application>
105
106</manifest>